2025-07-16 04:27:25,629 - __main__ - INFO - Paper Trader initialized
2025-07-16 04:27:25,642 - __main__ - INFO - Starting Paper Trader...
2025-07-16 04:27:25,656 - __main__ - INFO - Initializing Paper Trader components...
2025-07-16 04:27:32,036 - paper_trader.notifications.telegram_notifier - INFO - Telegram bot initialized successfully
2025-07-16 04:27:32,896 - __main__ - INFO - All components initialized successfully
2025-07-16 04:27:32,931 - __main__ - INFO - Loading ML models...
2025-07-16 04:27:35,454 - paper_trader.models.model_loader - WARNING - Failed to load LSTM model models\lstm\btceur_window_10.keras. Error: Layer 'conv1d' expected 2 variables, but received 0 variables during loading. Expected: ['conv1d/kernel:0', 'conv1d/bias:0']
2025-07-16 04:27:35,456 - paper_trader.models.model_loader - WARNING - Could not find separate architecture/weights files for models\lstm\btceur_window_10.keras
2025-07-16 04:27:36,748 - paper_trader.models.model_loader - WARNING - Failed to load LSTM model models\lstm\btceur_window_11.keras. Error: Layer 'conv1d' expected 2 variables, but received 0 variables during loading. Expected: ['conv1d/kernel:0', 'conv1d/bias:0']
2025-07-16 04:27:36,749 - paper_trader.models.model_loader - WARNING - Could not find separate architecture/weights files for models\lstm\btceur_window_11.keras
2025-07-16 04:27:37,619 - paper_trader.models.model_loader - WARNING - Failed to load LSTM model models\lstm\btceur_window_12.keras. Error: Layer 'conv1d' expected 2 variables, but received 0 variables during loading. Expected: ['conv1d/kernel:0', 'conv1d/bias:0']
2025-07-16 04:27:37,620 - paper_trader.models.model_loader - WARNING - Could not find separate architecture/weights files for models\lstm\btceur_window_12.keras
2025-07-16 04:27:39,146 - paper_trader.models.model_loader - WARNING - Failed to load LSTM model models\lstm\btceur_window_13.keras. Error: Layer 'conv1d' expected 2 variables, but received 0 variables during loading. Expected: ['conv1d/kernel:0', 'conv1d/bias:0']
2025-07-16 04:27:39,147 - paper_trader.models.model_loader - WARNING - Could not find separate architecture/weights files for models\lstm\btceur_window_13.keras
2025-07-16 04:27:40,006 - paper_trader.models.model_loader - WARNING - Failed to load LSTM model models\lstm\btceur_window_14.keras. Error: Layer 'conv1d' expected 2 variables, but received 0 variables during loading. Expected: ['conv1d/kernel:0', 'conv1d/bias:0']
2025-07-16 04:27:40,007 - paper_trader.models.model_loader - WARNING - Could not find separate architecture/weights files for models\lstm\btceur_window_14.keras
2025-07-16 04:27:40,910 - paper_trader.models.model_loader - WARNING - Failed to load LSTM model models\lstm\btceur_window_15.keras. Error: Layer 'conv1d' expected 2 variables, but received 0 variables during loading. Expected: ['conv1d/kernel:0', 'conv1d/bias:0']
2025-07-16 04:27:40,911 - paper_trader.models.model_loader - WARNING - Could not find separate architecture/weights files for models\lstm\btceur_window_15.keras
2025-07-16 04:27:41,872 - paper_trader.models.model_loader - WARNING - Failed to load LSTM model models\lstm\btceur_window_16.keras. Error: Layer 'conv1d' expected 2 variables, but received 0 variables during loading. Expected: ['conv1d/kernel:0', 'conv1d/bias:0']
2025-07-16 04:27:41,873 - paper_trader.models.model_loader - WARNING - Could not find separate architecture/weights files for models\lstm\btceur_window_16.keras
2025-07-16 04:27:43,164 - paper_trader.models.model_loader - WARNING - Failed to load LSTM model models\lstm\btceur_window_17.keras. Error: Layer 'conv1d' expected 2 variables, but received 0 variables during loading. Expected: ['conv1d/kernel:0', 'conv1d/bias:0']
2025-07-16 04:27:43,164 - paper_trader.models.model_loader - WARNING - Could not find separate architecture/weights files for models\lstm\btceur_window_17.keras
2025-07-16 04:27:44,270 - paper_trader.models.model_loader - WARNING - Failed to load LSTM model models\lstm\btceur_window_18.keras. Error: Layer 'conv1d' expected 2 variables, but received 0 variables during loading. Expected: ['conv1d/kernel:0', 'conv1d/bias:0']
2025-07-16 04:27:44,272 - paper_trader.models.model_loader - WARNING - Could not find separate architecture/weights files for models\lstm\btceur_window_18.keras
2025-07-16 04:27:46,250 - paper_trader.models.model_loader - WARNING - Failed to load LSTM model models\lstm\btceur_window_19.keras. Error: Layer 'conv1d' expected 2 variables, but received 0 variables during loading. Expected: ['conv1d/kernel:0', 'conv1d/bias:0']
2025-07-16 04:27:46,251 - paper_trader.models.model_loader - WARNING - Could not find separate architecture/weights files for models\lstm\btceur_window_19.keras
2025-07-16 04:27:47,318 - paper_trader.models.model_loader - WARNING - Failed to load LSTM model models\lstm\btceur_window_20.keras. Error: Layer 'conv1d' expected 2 variables, but received 0 variables during loading. Expected: ['conv1d/kernel:0', 'conv1d/bias:0']
2025-07-16 04:27:47,319 - paper_trader.models.model_loader - WARNING - Could not find separate architecture/weights files for models\lstm\btceur_window_20.keras
2025-07-16 04:27:48,360 - paper_trader.models.model_loader - WARNING - Failed to load LSTM model models\lstm\btceur_window_21.keras. Error: Layer 'conv1d' expected 2 variables, but received 0 variables during loading. Expected: ['conv1d/kernel:0', 'conv1d/bias:0']
2025-07-16 04:27:48,361 - paper_trader.models.model_loader - WARNING - Could not find separate architecture/weights files for models\lstm\btceur_window_21.keras
2025-07-16 04:27:49,340 - paper_trader.models.model_loader - WARNING - Failed to load LSTM model models\lstm\btceur_window_22.keras. Error: Layer 'conv1d' expected 2 variables, but received 0 variables during loading. Expected: ['conv1d/kernel:0', 'conv1d/bias:0']
2025-07-16 04:27:49,341 - paper_trader.models.model_loader - WARNING - Could not find separate architecture/weights files for models\lstm\btceur_window_22.keras
2025-07-16 04:27:50,323 - paper_trader.models.model_loader - WARNING - Failed to load LSTM model models\lstm\btceur_window_23.keras. Error: Layer 'conv1d' expected 2 variables, but received 0 variables during loading. Expected: ['conv1d/kernel:0', 'conv1d/bias:0']
2025-07-16 04:27:50,324 - paper_trader.models.model_loader - WARNING - Could not find separate architecture/weights files for models\lstm\btceur_window_23.keras
2025-07-16 04:27:51,728 - paper_trader.models.model_loader - WARNING - Failed to load LSTM model models\lstm\btceur_window_24.keras. Error: Layer 'conv1d' expected 2 variables, but received 0 variables during loading. Expected: ['conv1d/kernel:0', 'conv1d/bias:0']
2025-07-16 04:27:51,728 - paper_trader.models.model_loader - WARNING - Could not find separate architecture/weights files for models\lstm\btceur_window_24.keras
2025-07-16 04:27:52,732 - paper_trader.models.model_loader - WARNING - Failed to load LSTM model models\lstm\btceur_window_25.keras. Error: Layer 'conv1d' expected 2 variables, but received 0 variables during loading. Expected: ['conv1d/kernel:0', 'conv1d/bias:0']
2025-07-16 04:27:52,733 - paper_trader.models.model_loader - WARNING - Could not find separate architecture/weights files for models\lstm\btceur_window_25.keras
2025-07-16 04:27:53,757 - paper_trader.models.model_loader - WARNING - Failed to load LSTM model models\lstm\btceur_window_26.keras. Error: Layer 'conv1d' expected 2 variables, but received 0 variables during loading. Expected: ['conv1d/kernel:0', 'conv1d/bias:0']
2025-07-16 04:27:53,758 - paper_trader.models.model_loader - WARNING - Could not find separate architecture/weights files for models\lstm\btceur_window_26.keras
2025-07-16 04:27:54,753 - paper_trader.models.model_loader - WARNING - Failed to load LSTM model models\lstm\btceur_window_27.keras. Error: Layer 'conv1d' expected 2 variables, but received 0 variables during loading. Expected: ['conv1d/kernel:0', 'conv1d/bias:0']
2025-07-16 04:27:54,754 - paper_trader.models.model_loader - WARNING - Could not find separate architecture/weights files for models\lstm\btceur_window_27.keras
2025-07-16 04:27:55,724 - paper_trader.models.model_loader - WARNING - Failed to load LSTM model models\lstm\btceur_window_28.keras. Error: Layer 'conv1d' expected 2 variables, but received 0 variables during loading. Expected: ['conv1d/kernel:0', 'conv1d/bias:0']
2025-07-16 04:27:55,725 - paper_trader.models.model_loader - WARNING - Could not find separate architecture/weights files for models\lstm\btceur_window_28.keras
2025-07-16 04:27:56,860 - paper_trader.models.model_loader - WARNING - Failed to load LSTM model models\lstm\btceur_window_29.keras. Error: Layer 'conv1d' expected 2 variables, but received 0 variables during loading. Expected: ['conv1d/kernel:0', 'conv1d/bias:0']
2025-07-16 04:27:56,861 - paper_trader.models.model_loader - WARNING - Could not find separate architecture/weights files for models\lstm\btceur_window_29.keras
2025-07-16 04:27:58,059 - paper_trader.models.model_loader - WARNING - Failed to load LSTM model models\lstm\btceur_window_3.keras. Error: Layer 'conv1d' expected 2 variables, but received 0 variables during loading. Expected: ['conv1d/kernel:0', 'conv1d/bias:0']
2025-07-16 04:27:58,067 - paper_trader.models.model_loader - WARNING - Could not find separate architecture/weights files for models\lstm\btceur_window_3.keras
2025-07-16 04:27:59,368 - paper_trader.models.model_loader - WARNING - Failed to load LSTM model models\lstm\btceur_window_30.keras. Error: Layer 'conv1d' expected 2 variables, but received 0 variables during loading. Expected: ['conv1d/kernel:0', 'conv1d/bias:0']
2025-07-16 04:27:59,369 - paper_trader.models.model_loader - WARNING - Could not find separate architecture/weights files for models\lstm\btceur_window_30.keras
2025-07-16 04:28:01,056 - paper_trader.models.model_loader - WARNING - Failed to load LSTM model models\lstm\btceur_window_31.keras. Error: Layer 'conv1d' expected 2 variables, but received 0 variables during loading. Expected: ['conv1d/kernel:0', 'conv1d/bias:0']
2025-07-16 04:28:01,062 - paper_trader.models.model_loader - WARNING - Could not find separate architecture/weights files for models\lstm\btceur_window_31.keras
2025-07-16 04:28:02,154 - paper_trader.models.model_loader - WARNING - Failed to load LSTM model models\lstm\btceur_window_32.keras. Error: Layer 'conv1d' expected 2 variables, but received 0 variables during loading. Expected: ['conv1d/kernel:0', 'conv1d/bias:0']
2025-07-16 04:28:02,155 - paper_trader.models.model_loader - WARNING - Could not find separate architecture/weights files for models\lstm\btceur_window_32.keras
2025-07-16 04:28:03,080 - paper_trader.models.model_loader - WARNING - Failed to load LSTM model models\lstm\btceur_window_33.keras. Error: Layer 'conv1d' expected 2 variables, but received 0 variables during loading. Expected: ['conv1d/kernel:0', 'conv1d/bias:0']
2025-07-16 04:28:03,080 - paper_trader.models.model_loader - WARNING - Could not find separate architecture/weights files for models\lstm\btceur_window_33.keras
2025-07-16 04:28:04,126 - paper_trader.models.model_loader - WARNING - Failed to load LSTM model models\lstm\btceur_window_34.keras. Error: Layer 'conv1d' expected 2 variables, but received 0 variables during loading. Expected: ['conv1d/kernel:0', 'conv1d/bias:0']
2025-07-16 04:28:04,126 - paper_trader.models.model_loader - WARNING - Could not find separate architecture/weights files for models\lstm\btceur_window_34.keras
2025-07-16 04:28:05,021 - paper_trader.models.model_loader - WARNING - Failed to load LSTM model models\lstm\btceur_window_35.keras. Error: Layer 'conv1d' expected 2 variables, but received 0 variables during loading. Expected: ['conv1d/kernel:0', 'conv1d/bias:0']
2025-07-16 04:28:05,022 - paper_trader.models.model_loader - WARNING - Could not find separate architecture/weights files for models\lstm\btceur_window_35.keras
2025-07-16 04:28:05,860 - paper_trader.models.model_loader - WARNING - Failed to load LSTM model models\lstm\btceur_window_36.keras. Error: Layer 'conv1d' expected 2 variables, but received 0 variables during loading. Expected: ['conv1d/kernel:0', 'conv1d/bias:0']
2025-07-16 04:28:05,861 - paper_trader.models.model_loader - WARNING - Could not find separate architecture/weights files for models\lstm\btceur_window_36.keras
2025-07-16 04:28:06,682 - paper_trader.models.model_loader - WARNING - Failed to load LSTM model models\lstm\btceur_window_37.keras. Error: Layer 'conv1d' expected 2 variables, but received 0 variables during loading. Expected: ['conv1d/kernel:0', 'conv1d/bias:0']
2025-07-16 04:28:06,684 - paper_trader.models.model_loader - WARNING - Could not find separate architecture/weights files for models\lstm\btceur_window_37.keras
2025-07-16 04:28:07,521 - paper_trader.models.model_loader - WARNING - Failed to load LSTM model models\lstm\btceur_window_38.keras. Error: Layer 'conv1d' expected 2 variables, but received 0 variables during loading. Expected: ['conv1d/kernel:0', 'conv1d/bias:0']
2025-07-16 04:28:07,522 - paper_trader.models.model_loader - WARNING - Could not find separate architecture/weights files for models\lstm\btceur_window_38.keras
2025-07-16 04:28:08,727 - paper_trader.models.model_loader - WARNING - Failed to load LSTM model models\lstm\btceur_window_39.keras. Error: Layer 'conv1d' expected 2 variables, but received 0 variables during loading. Expected: ['conv1d/kernel:0', 'conv1d/bias:0']
2025-07-16 04:28:08,727 - paper_trader.models.model_loader - WARNING - Could not find separate architecture/weights files for models\lstm\btceur_window_39.keras
2025-07-16 04:28:10,877 - paper_trader.models.model_loader - WARNING - Failed to load LSTM model models\lstm\btceur_window_4.keras. Error: Layer 'conv1d' expected 2 variables, but received 0 variables during loading. Expected: ['conv1d/kernel:0', 'conv1d/bias:0']
2025-07-16 04:28:10,929 - paper_trader.models.model_loader - WARNING - Could not find separate architecture/weights files for models\lstm\btceur_window_4.keras
2025-07-16 04:28:11,358 - __main__ - INFO - Shutting down Paper Trader...
